<?xml version="1.0" encoding="UTF-8"?>
<!-- Generated by org.testng.reporters.JUnitXMLReporter -->
<testsuite ignored="3" hostname="DESKTOP-FM5QVT6" failures="0" tests="1" name="Default test" time="17.628" errors="0" timestamp="2024-10-20T23:29:13 GMT+03:00">
  <testcase classname="MyTest" name="AddItem" time="13.031"/>
  <testcase classname="MyTest" name="LogoIn" time="0.0">
    <ignored/>
  </testcase> <!-- LogoIn -->
  <testcase classname="MyTest" name="SingUp" time="0.0">
    <ignored/>
  </testcase> <!-- SingUp -->
  <testcase classname="MyTest" name="Logout" time="0.0">
    <ignored/>
  </testcase> <!-- Logout -->
</testsuite> <!-- Default test -->
