<?xml version="1.0" encoding="UTF-8"?>
<testng-results ignored="3" total="4" passed="1" failed="0" skipped="0">
  <reporter-output>
  </reporter-output>
  <suite started-at="2024-10-20T23:28:55 GMT+03:00" name="Default suite" finished-at="2024-10-20T23:29:13 GMT+03:00" duration-ms="17628">
    <groups>
    </groups>
    <test started-at="2024-10-20T23:28:55 GMT+03:00" name="Default test" finished-at="2024-10-20T23:29:13 GMT+03:00" duration-ms="17628">
      <class name="MyTest">
        <test-method is-config="true" signature="MySetup()[pri:0, instance:MyTest@4983159f]" started-at="2024-10-20T23:28:55 GMT+03:00" name="MySetup" finished-at="2024-10-20T23:28:59 GMT+03:00" duration-ms="4333" status="PASS">
          <reporter-output>
          </reporter-output>
        </test-method> <!-- MySetup -->
        <test-method signature="AddItem()[pri:4, instance:MyTest@4983159f]" started-at="2024-10-20T23:28:59 GMT+03:00" name="AddItem" finished-at="2024-10-20T23:29:13 GMT+03:00" duration-ms="13031" status="PASS">
          <reporter-output>
          </reporter-output>
        </test-method> <!-- AddItem -->
      </class> <!-- MyTest -->
    </test> <!-- Default test -->
  </suite> <!-- Default suite -->
</testng-results>
